\BOOKMARK [1][-]{section.1}{\376\377\127\372\170\100\211\201\154\102}{}% 1
\BOOKMARK [2][-]{subsection.1.1}{\376\377\173\227\154\325\213\276\213\241}{section.1}% 2
\BOOKMARK [3][-]{subsubsection.1.1.1}{\376\377\000n\000*\000n\000\040\167\351\226\065\116\016\124\021\221\317\121\205\171\357}{subsection.1.1}% 3
\BOOKMARK [3][-]{subsubsection.1.1.2}{\376\377\000n\000\040\116\052\145\160\154\102\124\214}{subsection.1.1}% 4
\BOOKMARK [2][-]{subsection.1.2}{\376\377\177\026\172\013\133\236\163\260}{section.1}% 5
\BOOKMARK [3][-]{subsubsection.1.2.1}{\376\377\000n\000*\000n\000\040\167\351\226\065\116\016\124\021\221\317\121\205\171\357}{subsection.1.2}% 6
\BOOKMARK [3][-]{subsubsection.1.2.2}{\376\377\000n\000\040\116\052\145\160\154\102\124\214}{subsection.1.2}% 7
\BOOKMARK [2][-]{subsection.1.3}{\376\377\140\047\200\375\155\113\213\325}{section.1}% 8
\BOOKMARK [3][-]{subsubsection.1.3.1}{\376\377\000n\000*\000n\000\040\167\351\226\065\116\016\124\021\221\317\121\205\171\357}{subsection.1.3}% 9
\BOOKMARK [3][-]{subsubsection.1.3.2}{\376\377\000n\000\040\116\052\145\160\154\102\124\214}{subsection.1.3}% 10
\BOOKMARK [2][-]{subsection.1.4}{\376\377\000p\000r\000o\000f\000i\000l\000i\000n\000g}{section.1}% 11
\BOOKMARK [3][-]{subsubsection.1.4.1}{\376\377\000n\000*\000n\000\040\167\351\226\065\116\016\124\021\221\317\121\205\171\357}{subsection.1.4}% 12
\BOOKMARK [3][-]{subsubsection.1.4.2}{\376\377\000n\000\040\116\052\145\160\154\102\124\214}{subsection.1.4}% 13
\BOOKMARK [2][-]{subsection.1.5}{\376\377\176\323\147\234\122\006\147\220}{section.1}% 14
\BOOKMARK [3][-]{subsubsection.1.5.1}{\376\377\000n\000*\000n\000\040\167\351\226\065\116\016\124\021\221\317\121\205\171\357}{subsection.1.5}% 15
\BOOKMARK [3][-]{subsubsection.1.5.2}{\376\377\000n\000\040\116\052\145\160\154\102\124\214}{subsection.1.5}% 16
\BOOKMARK [1][-]{section.2}{\376\377\217\333\226\066\211\201\154\102}{}% 17
\BOOKMARK [2][-]{subsection.2.1}{\376\377\137\252\163\257\134\125\137\000\117\030\123\026}{section.2}% 18
\BOOKMARK [3][-]{subsubsection.2.1.1}{\376\377\173\227\154\325\213\276\213\241}{subsection.2.1}% 19
\BOOKMARK [3][-]{subsubsection.2.1.2}{\376\377\140\047\200\375\155\113\213\325}{subsection.2.1}% 20
\BOOKMARK [3][-]{subsubsection.2.1.3}{\376\377\000p\000r\000o\000f\000i\000l\000i\000n\000g}{subsection.2.1}% 21
\BOOKMARK [3][-]{subsubsection.2.1.4}{\376\377\116\016\123\237\173\227\154\325\133\371\153\324}{subsection.2.1}% 22
\BOOKMARK [2][-]{subsection.2.2}{\376\377\154\107\177\026\116\343\170\001\122\006\147\220}{section.2}% 23
\BOOKMARK [3][-]{subsubsection.2.2.1}{\376\377\167\351\226\065\116\016\124\021\221\317\121\205\171\357}{subsection.2.2}% 24
\BOOKMARK [3][-]{subsubsection.2.2.2}{\376\377\000n\000\040\116\052\145\160\154\102\124\214}{subsection.2.2}% 25
\BOOKMARK [1][-]{section.3}{\376\377\133\236\232\214\140\073\176\323\124\214\140\035\200\003}{}% 26
