\BOOKMARK [1][-]{section.1}{\376\377\133\236\232\214\151\202\217\360}{}% 1
\BOOKMARK [1][-]{section.2}{\376\377\116\062\210\114\127\372\176\277\116\016\140\047\200\375\164\366\230\210}{}% 2
\BOOKMARK [1][-]{section.3}{\376\377\136\166\210\114\117\030\123\026\213\276\213\241}{}% 3
\BOOKMARK [2][-]{subsection.3.1}{\376\377\000B\000\040\167\351\226\065\134\100\220\350\172\204\136\046\146\364\145\260}{section.3}% 4
\BOOKMARK [2][-]{subsection.3.2}{\376\377\000G\000i\000v\000e\000n\000s\000\040\145\313\217\154\145\345\137\327\116\016\136\366\217\337\175\057\171\357}{section.3}% 5
\BOOKMARK [2][-]{subsection.3.3}{\376\377\117\030\123\026\124\016\116\073\137\252\163\257\117\052\116\343\170\001}{section.3}% 6
\BOOKMARK [2][-]{subsection.3.4}{\376\377\145\160\133\146\173\111\116\367\140\047\122\006\147\220}{section.3}% 7
\BOOKMARK [2][-]{subsection.3.5}{\376\377\000p\000t\000h\000r\000e\000a\000d\000\040\122\250\140\001\116\373\122\241\214\003\136\246}{section.3}% 8
\BOOKMARK [2][-]{subsection.3.6}{\376\377\000O\000p\000e\000n\000M\000P\000\040\133\236\163\260}{section.3}% 9
\BOOKMARK [1][-]{section.4}{\376\377\153\143\170\156\140\047\232\214\213\301}{}% 10
\BOOKMARK [1][-]{section.5}{\376\377\133\236\232\214\163\257\130\203\116\016\145\271\154\325}{}% 11
\BOOKMARK [1][-]{section.6}{\376\377\140\047\200\375\176\323\147\234}{}% 12
\BOOKMARK [2][-]{subsection.6.1}{\376\377\131\047\211\304\152\041\150\067\117\213\200\027\145\366}{section.6}% 13
\BOOKMARK [2][-]{subsection.6.2}{\376\377\176\323\147\234\122\006\147\220}{section.6}% 14
\BOOKMARK [1][-]{section.7}{\376\377\124\014\153\145\116\016\145\160\143\156\172\336\116\211\122\006\147\220}{}% 15
\BOOKMARK [1][-]{section.8}{\376\377\000P\000r\000o\000f\000i\000l\000i\000n\000g\000\040\122\006\147\220}{}% 16
\BOOKMARK [2][-]{subsection.8.1}{\376\377\140\073\117\123\170\154\116\366\116\213\116\366\176\337\213\241}{section.8}% 17
\BOOKMARK [2][-]{subsection.8.2}{\376\377\160\355\160\271\121\375\145\160\133\371\153\324}{section.8}% 18
\BOOKMARK [2][-]{subsection.8.3}{\376\377\000V\000T\000u\000n\000e\000\040\000T\000h\000r\000e\000a\000d\000i\000n\000g\000\040\210\145\121\105\122\006\147\220}{section.8}% 19
\BOOKMARK [2][-]{subsection.8.4}{\376\377\000P\000r\000o\000f\000i\000l\000i\000n\000g\000\040\176\323\213\272}{section.8}% 20
\BOOKMARK [1][-]{section.9}{\376\377\176\323\213\272}{}% 21
\BOOKMARK [1][-]{appendix.A}{\376\377\133\236\232\214\145\207\116\366\213\364\146\016}{}% 22
\BOOKMARK [1][-]{appendix.B}{\376\377\116\016\131\047\152\041\127\213\123\117\117\134\213\260\137\125}{}% 23
