\BOOKMARK [1][-]{section*.1}{\376\377\144\130\211\201}{}% 1
\BOOKMARK [1][-]{section.1}{\376\377\133\236\232\214\200\314\146\157\116\016\166\356\150\007}{}% 2
\BOOKMARK [2][-]{subsection.1.1}{\376\377\000S\000V\000D\000\040\122\006\211\343\225\356\230\230\173\200\116\313}{section.1}% 3
\BOOKMARK [2][-]{subsection.1.2}{\376\377\000G\000o\000l\000u\000b\000-\000K\000a\000h\000a\000n\000\040\173\227\154\325\116\016\133\236\232\214\150\106\147\266}{section.1}% 4
\BOOKMARK [2][-]{subsection.1.3}{\376\377\133\236\232\214\166\356\150\007}{section.1}% 5
\BOOKMARK [1][-]{section.2}{\376\377\133\236\232\214\163\257\130\203}{}% 6
\BOOKMARK [2][-]{subsection.2.1}{\376\377\170\154\116\366\163\257\130\203}{section.2}% 7
\BOOKMARK [2][-]{subsection.2.2}{\376\377\217\157\116\366\163\257\130\203}{section.2}% 8
\BOOKMARK [1][-]{section.3}{\376\377\127\372\170\100\211\201\154\102}{}% 9
\BOOKMARK [2][-]{subsection.3.1}{\376\377\127\372\170\100\211\201\154\102\151\202\217\360}{section.3}% 10
\BOOKMARK [2][-]{subsection.3.2}{\376\377\116\343\170\001\145\071\122\250\133\371\153\324}{section.3}% 11
\BOOKMARK [2][-]{subsection.3.3}{\376\377\173\200\123\125\167\351\226\065\145\313\217\154\166\204\000\040\000S\000I\000M\000D\000\040\122\240\220\037}{section.3}% 12
\BOOKMARK [3][-]{subsubsection.3.3.1}{\376\377\116\062\210\114\213\241\173\227\220\073\217\221}{subsection.3.3}% 13
\BOOKMARK [3][-]{subsubsection.3.3.2}{\376\377\000S\000I\000M\000D\000\040\213\276\213\241\140\035\215\357}{subsection.3.3}% 14
\BOOKMARK [3][-]{subsubsection.3.3.3}{\376\377\121\163\225\056\116\343\170\001\213\364\146\016}{subsection.3.3}% 15
\BOOKMARK [2][-]{subsection.3.4}{\376\377\000H\000o\000u\000s\000e\000h\000o\000l\000d\000e\000r\000\040\116\012\116\214\133\371\211\322\123\026\166\204\000\040\000S\000I\000M\000D\000\040\122\240\220\037}{section.3}% 16
\BOOKMARK [3][-]{subsubsection.3.4.1}{\376\377\213\241\173\227\217\307\172\013\122\006\147\220}{subsection.3.4}% 17
\BOOKMARK [3][-]{subsubsection.3.4.2}{\376\377\123\357\124\021\221\317\123\026\137\252\163\257}{subsection.3.4}% 18
\BOOKMARK [3][-]{subsubsection.3.4.3}{\376\377\153\143\170\156\140\047\131\004\164\006}{subsection.3.4}% 19
\BOOKMARK [2][-]{subsection.3.5}{\376\377\127\372\170\100\140\047\200\375\155\113\213\325}{section.3}% 20
\BOOKMARK [3][-]{subsubsection.3.5.1}{\376\377\155\113\213\325\145\271\154\325}{subsection.3.5}% 21
\BOOKMARK [3][-]{subsubsection.3.5.2}{\376\377\116\062\210\114\162\110\147\054\116\016\000\040\000S\000I\000M\000D\000\040\162\110\147\054\140\047\200\375\133\371\153\324}{subsection.3.5}% 22
\BOOKMARK [3][-]{subsubsection.3.5.3}{\376\377\127\372\170\100\176\323\147\234\122\006\147\220}{subsection.3.5}% 23
\BOOKMARK [2][-]{subsection.3.6}{\376\377\000P\000r\000o\000f\000i\000l\000i\000n\000g\000\040\122\006\147\220}{section.3}% 24
\BOOKMARK [3][-]{subsubsection.3.6.1}{\376\377\000P\000r\000o\000f\000i\000l\000i\000n\000g\000\040\145\271\154\325}{subsection.3.6}% 25
\BOOKMARK [3][-]{subsubsection.3.6.2}{\376\377\160\355\160\271\121\375\145\160\116\016\164\366\230\210}{subsection.3.6}% 26
\BOOKMARK [2][-]{subsection.3.7}{\376\377\116\015\124\014\136\166\210\114\136\246\166\204\140\047\200\375\133\371\153\324}{section.3}% 27
\BOOKMARK [2][-]{subsection.3.8}{\376\377\116\015\124\014\177\026\213\321\117\030\123\026\220\011\230\171\133\371\140\047\200\375\166\204\137\161\124\315}{section.3}% 28
\BOOKMARK [1][-]{section.4}{\376\377\217\333\226\066\211\201\154\102}{}% 29
\BOOKMARK [2][-]{subsection.4.1}{\376\377\217\333\226\066\211\201\154\102\151\202\217\360}{section.4}% 30
\BOOKMARK [2][-]{subsection.4.2}{\376\377\142\113\135\345\177\026\121\231\166\204\000\040\000S\000I\000M\000D\000\040\172\013\136\217\116\016\177\026\213\321\126\150\201\352\122\250\124\021\221\317\123\026\162\110\147\054\166\204\133\371\153\324}{section.4}% 31
\BOOKMARK [2][-]{subsection.4.3}{\376\377\116\015\124\014\136\163\123\360\000\040\000S\000I\000M\000D\000\040\136\166\210\114\123\026\166\204\133\371\153\324\133\236\232\214\123\312\140\047\200\375\122\006\147\220}{section.4}% 32
\BOOKMARK [2][-]{subsection.4.4}{\376\377\121\166\116\326\173\227\154\325\117\030\123\026\173\126\165\145\377\032\122\006\127\127\000\040\000H\000o\000u\000s\000e\000h\000o\000l\000d\000e\000r\000\040\123\330\143\142}{section.4}% 33
\BOOKMARK [1][-]{section.5}{\376\377\140\073\176\323}{}% 34
